
> bansari-commerce-pro@0.1.0 build
> next build

⚠ Warning: Next.js inferred your workspace root, but it may not be correct.
 We detected multiple lockfiles and selected the directory of /workspaces/bansari-commerce-v2/package-lock.json as the root directory.
 To silence this warning, set `turbopack.root` in your Next.js config, or consider removing one of the lockfiles if it's not needed.
   See https://nextjs.org/docs/app/api-reference/config/next-config-js/turbopack#root-directory for more information.
 Detected additional lockfiles: 
   * /workspaces/bansari-commerce-v2/bansari-commerce-pro/package-lock.json

▲ Next.js 16.2.9 (Turbopack)

⚠ The "middleware" file convention is deprecated. Please use "proxy" instead. Learn more: https://nextjs.org/docs/messages/middleware-to-proxy
  Creating an optimized production build ...
✓ Compiled successfully in 14.5s
  Running TypeScript ...
  Finished TypeScript in 9.3s ...
  Collecting page data using 1 worker ...
  Generating static pages using 1 worker (0/17) ...
Error occurred prerendering page "/admin/login". Read more: https://nextjs.org/docs/messages/prerender-error
Error: @supabase/ssr: Your project's URL and API key are required to create a Supabase client!

Check your Supabase project's API settings to find these values

https://supabase.com/dashboard/project/_/settings/api
    at <unknown> (https://supabase.com/dashboard/project/_/settings/api)
    at <unknown> (.next/server/chunks/ssr/bansari-commerce-pro_08ii7df._.js:42:30)
    at <unknown> (.next/server/chunks/ssr/bansari-commerce-pro_08ii7df._.js:46:4713)
    at module evaluation (.next/server/chunks/ssr/bansari-commerce-pro_0x7zrrl._.js:1:5826)
    at instantiateModule (.next/server/chunks/ssr/[turbopack]_runtime.js:853:9)
    at getOrInstantiateModuleFromParent (.next/server/chunks/ssr/[turbopack]_runtime.js:877:12)
    at Context.esmImport [as i] (.next/server/chunks/ssr/[turbopack]_runtime.js:281:20)
    at module evaluation (.next/server/chunks/ssr/bansari-commerce-pro_0x7zrrl._.js:1:6350)
    at instantiateModule (.next/server/chunks/ssr/[turbopack]_runtime.js:853:9)
    at getOrInstantiateModuleFromParent (.next/server/chunks/ssr/[turbopack]_runtime.js:877:12)
    at Context.commonJsRequire [as r] (.next/server/chunks/ssr/[turbopack]_runtime.js:302:12) {
  digest: '2979805017'
}
Export encountered an error on /admin/login/page: /admin/login, exiting the build.
⨯ Next.js build worker exited with code: 1 and signal: null
